[01m[K/home/ajr/ros2_ws/src/turtle_race/src/draw_node.cpp:111:2:[m[K [01;31m[Kerror: [m[Kexpected â€˜[01m[K}[m[Kâ€™ at end of input
  111 | }
      |  [01;31m[K^[m[K
[01m[K/home/ajr/ros2_ws/src/turtle_race/src/draw_node.cpp:70:1:[m[K [01;36m[Knote: [m[Kto match this â€˜[01m[K{[m[Kâ€™
   70 | [01;36m[K{[m[K
      | [01;36m[K^[m[K
[01m[K/home/ajr/ros2_ws/src/turtle_race/src/draw_node.cpp:[m[K In constructor â€˜[01m[KDrawNode::DrawNode()[m[Kâ€™:
[01m[K/home/ajr/ros2_ws/src/turtle_race/src/draw_node.cpp:74:9:[m[K [01;31m[Kerror: [m[Kâ€˜[01m[Ktimer_[m[Kâ€™ was not declared in this scope; did you mean â€˜[01m[Ktimer_t[m[Kâ€™?
   74 |         [01;31m[Ktimer_[m[K = this->create_wall_timer(std::chrono::milliseconds(200), std::bind(&DrawNode::loop, this));
      |         [01;31m[K^~~~~~[m[K
      |         [32m[Ktimer_t[m[K
[01m[K/home/ajr/ros2_ws/src/turtle_race/src/draw_node.cpp:75:9:[m[K [01;31m[Kerror: [m[Kâ€˜[01m[Kcmd_pub_[m[Kâ€™ was not declared in this scope
   75 |         [01;31m[Kcmd_pub_[m[K = this->create_publisher<geometry_msgs::msg::Twist>("/turtle1/cmd_vel", 10);
      |         [01;31m[K^~~~~~~~[m[K
[01m[K/home/ajr/ros2_ws/src/turtle_race/src/draw_node.cpp:79:9:[m[K [01;31m[Kerror: [m[Kâ€˜[01m[Kstep_[m[Kâ€™ was not declared in this scope
   79 |         [01;31m[Kstep_[m[K = 0;
      |         [01;31m[K^~~~~[m[K
[01m[K/home/ajr/ros2_ws/src/turtle_race/src/draw_node.cpp:[m[K In member function â€˜[01m[Kvoid DrawNode::loop()[m[Kâ€™:
[01m[K/home/ajr/ros2_ws/src/turtle_race/src/draw_node.cpp:87:11:[m[K [01;31m[Kerror: [m[Kâ€˜[01m[Kstep_[m[Kâ€™ was not declared in this scope
   87 |        if([01;31m[Kstep_[m[K < 2){
      |           [01;31m[K^~~~~[m[K
[01m[K/home/ajr/ros2_ws/src/turtle_race/src/draw_node.cpp:96:9:[m[K [01;31m[Kerror: [m[Kâ€˜[01m[Kcmd_pub_[m[Kâ€™ was not declared in this scope
   96 |         [01;31m[Kcmd_pub_[m[K->publish(cmd_msg);
      |         [01;31m[K^~~~~~~~[m[K
[01m[K/home/ajr/ros2_ws/src/turtle_race/src/draw_node.cpp:102:9:[m[K [01;35m[Kwarning: [m[Kunused variable â€˜[01m[Kstep_[m[Kâ€™ [[01;35m[K]8;;https://gcc.gnu.org/onlinedocs/gcc/Warning-Options.html#index-Wunused-variable-Wunused-variable]8;;[m[K]
  102 |     int [01;35m[Kstep_[m[K = 0;
      |         [01;35m[K^~~~~[m[K
[01m[K/home/ajr/ros2_ws/src/turtle_race/src/draw_node.cpp:[m[K At global scope:
[01m[K/home/ajr/ros2_ws/src/turtle_race/src/draw_node.cpp:111:2:[m[K [01;31m[Kerror: [m[Kexpected unqualified-id at end of input
  111 | }
      |  [01;31m[K^[m[K
gmake[2]: *** [CMakeFiles/draw_node.dir/build.make:76: CMakeFiles/draw_node.dir/src/draw_node.cpp.o] Error 1
gmake[1]: *** [CMakeFiles/Makefile2:137: CMakeFiles/draw_node.dir/all] Error 2
gmake: *** [Makefile:146: all] Error 2
