-- Found ament_cmake: 1.3.10 (/opt/ros/humble/share/ament_cmake/cmake)
-- Override CMake install command with custom implementation using symlinks instead of copying resources
-- Found rclcpp: 16.0.10 (/opt/ros/humble/share/rclcpp/cmake)
-- Found rosidl_generator_c: 3.1.5 (/opt/ros/humble/share/rosidl_generator_c/cmake)
-- Found rosidl_adapter: 3.1.5 (/opt/ros/humble/share/rosidl_adapter/cmake)
-- Found rosidl_generator_cpp: 3.1.5 (/opt/ros/humble/share/rosidl_generator_cpp/cmake)
-- Using all available rosidl_typesupport_c: rosidl_typesupport_fastrtps_c;rosidl_typesupport_introspection_c
-- Using all available rosidl_typesupport_cpp: rosidl_typesupport_fastrtps_cpp;rosidl_typesupport_introspection_cpp
-- Found rmw_implementation_cmake: 6.1.2 (/opt/ros/humble/share/rmw_implementation_cmake/cmake)
-- Found rmw_fastrtps_cpp: 6.2.7 (/opt/ros/humble/share/rmw_fastrtps_cpp/cmake)
-- Using RMW implementation 'rmw_fastrtps_cpp' as default
-- Found geometry_msgs: 4.2.4 (/opt/ros/humble/share/geometry_msgs/cmake)
-- Configuring done
-- Generating done
-- Build files have been written to: /home/ajr/ros2_ws/src/turtle_race/build/turtle_race
[35m[1mConsolidate compiler generated dependencies of target draw_node[0m
[ 50%] [32mBuilding CXX object CMakeFiles/draw_node.dir/src/draw_node.cpp.o[0m
[01m[K/home/ajr/ros2_ws/src/turtle_race/src/draw_node.cpp:111:2:[m[K [01;31m[Kerror: [m[Kexpected â€˜[01m[K}[m[Kâ€™ at end of input
  111 | }
      |  [01;31m[K^[m[K
[01m[K/home/ajr/ros2_ws/src/turtle_race/src/draw_node.cpp:70:1:[m[K [01;36m[Knote: [m[Kto match this â€˜[01m[K{[m[Kâ€™
   70 | [01;36m[K{[m[K
      | [01;36m[K^[m[K
[01m[K/home/ajr/ros2_ws/src/turtle_race/src/draw_node.cpp:[m[K In constructor â€˜[01m[KDrawNode::DrawNode()[m[Kâ€™:
[01m[K/home/ajr/ros2_ws/src/turtle_race/src/draw_node.cpp:74:9:[m[K [01;31m[Kerror: [m[Kâ€˜[01m[Ktimer_[m[Kâ€™ was not declared in this scope; did you mean â€˜[01m[Ktimer_t[m[Kâ€™?
   74 |         [01;31m[Ktimer_[m[K = this->create_wall_timer(std::chrono::milliseconds(200), std::bind(&DrawNode::loop, this));
      |         [01;31m[K^~~~~~[m[K
      |         [32m[Ktimer_t[m[K
[01m[K/home/ajr/ros2_ws/src/turtle_race/src/draw_node.cpp:75:9:[m[K [01;31m[Kerror: [m[Kâ€˜[01m[Kcmd_pub_[m[Kâ€™ was not declared in this scope
   75 |         [01;31m[Kcmd_pub_[m[K = this->create_publisher<geometry_msgs::msg::Twist>("/turtle1/cmd_vel", 10);
      |         [01;31m[K^~~~~~~~[m[K
[01m[K/home/ajr/ros2_ws/src/turtle_race/src/draw_node.cpp:79:9:[m[K [01;31m[Kerror: [m[Kâ€˜[01m[Kstep_[m[Kâ€™ was not declared in this scope
   79 |         [01;31m[Kstep_[m[K = 0;
      |         [01;31m[K^~~~~[m[K
[01m[K/home/ajr/ros2_ws/src/turtle_race/src/draw_node.cpp:[m[K In member function â€˜[01m[Kvoid DrawNode::loop()[m[Kâ€™:
[01m[K/home/ajr/ros2_ws/src/turtle_race/src/draw_node.cpp:87:11:[m[K [01;31m[Kerror: [m[Kâ€˜[01m[Kstep_[m[Kâ€™ was not declared in this scope
   87 |        if([01;31m[Kstep_[m[K < 2){
      |           [01;31m[K^~~~~[m[K
[01m[K/home/ajr/ros2_ws/src/turtle_race/src/draw_node.cpp:96:9:[m[K [01;31m[Kerror: [m[Kâ€˜[01m[Kcmd_pub_[m[Kâ€™ was not declared in this scope
   96 |         [01;31m[Kcmd_pub_[m[K->publish(cmd_msg);
      |         [01;31m[K^~~~~~~~[m[K
[01m[K/home/ajr/ros2_ws/src/turtle_race/src/draw_node.cpp:102:9:[m[K [01;35m[Kwarning: [m[Kunused variable â€˜[01m[Kstep_[m[Kâ€™ [[01;35m[K]8;;https://gcc.gnu.org/onlinedocs/gcc/Warning-Options.html#index-Wunused-variable-Wunused-variable]8;;[m[K]
  102 |     int [01;35m[Kstep_[m[K = 0;
      |         [01;35m[K^~~~~[m[K
[01m[K/home/ajr/ros2_ws/src/turtle_race/src/draw_node.cpp:[m[K At global scope:
[01m[K/home/ajr/ros2_ws/src/turtle_race/src/draw_node.cpp:111:2:[m[K [01;31m[Kerror: [m[Kexpected unqualified-id at end of input
  111 | }
      |  [01;31m[K^[m[K
gmake[2]: *** [CMakeFiles/draw_node.dir/build.make:76: CMakeFiles/draw_node.dir/src/draw_node.cpp.o] Error 1
gmake[1]: *** [CMakeFiles/Makefile2:137: CMakeFiles/draw_node.dir/all] Error 2
gmake: *** [Makefile:146: all] Error 2
