[0.013s] Invoking command in '/home/ajr/ros2_ws/src/turtle_race/build/turtle_race': CMAKE_PREFIX_PATH=${CMAKE_PREFIX_PATH}:/home/ajr/ros2_ws/install/arj_transforms_py:/home/ajr/ros2_ws/install/arj_intro_py:/opt/ros/humble /usr/bin/cmake /home/ajr/ros2_ws/src/turtle_race -DCMAKE_INSTALL_PREFIX=/home/ajr/ros2_ws/src/turtle_race/install/turtle_race
[0.068s] -- Found ament_cmake: 1.3.10 (/opt/ros/humble/share/ament_cmake/cmake)
[0.169s] -- Override CMake install command with custom implementation using symlinks instead of copying resources
[0.189s] -- Found rclcpp: 16.0.10 (/opt/ros/humble/share/rclcpp/cmake)
[0.323s] -- Found rosidl_generator_c: 3.1.5 (/opt/ros/humble/share/rosidl_generator_c/cmake)
[0.327s] -- Found rosidl_adapter: 3.1.5 (/opt/ros/humble/share/rosidl_adapter/cmake)
[0.335s] -- Found rosidl_generator_cpp: 3.1.5 (/opt/ros/humble/share/rosidl_generator_cpp/cmake)
[0.348s] -- Using all available rosidl_typesupport_c: rosidl_typesupport_fastrtps_c;rosidl_typesupport_introspection_c
[0.364s] -- Using all available rosidl_typesupport_cpp: rosidl_typesupport_fastrtps_cpp;rosidl_typesupport_introspection_cpp
[0.404s] -- Found rmw_implementation_cmake: 6.1.2 (/opt/ros/humble/share/rmw_implementation_cmake/cmake)
[0.407s] -- Found rmw_fastrtps_cpp: 6.2.7 (/opt/ros/humble/share/rmw_fastrtps_cpp/cmake)
[3.311s] -- Using RMW implementation 'rmw_fastrtps_cpp' as default
[3.372s] -- Found geometry_msgs: 4.2.4 (/opt/ros/humble/share/geometry_msgs/cmake)
[3.442s] -- Configuring done
[3.455s] -- Generating done
[3.457s] -- Build files have been written to: /home/ajr/ros2_ws/src/turtle_race/build/turtle_race
[3.467s] Invoked command in '/home/ajr/ros2_ws/src/turtle_race/build/turtle_race' returned '0': CMAKE_PREFIX_PATH=${CMAKE_PREFIX_PATH}:/home/ajr/ros2_ws/install/arj_transforms_py:/home/ajr/ros2_ws/install/arj_intro_py:/opt/ros/humble /usr/bin/cmake /home/ajr/ros2_ws/src/turtle_race -DCMAKE_INSTALL_PREFIX=/home/ajr/ros2_ws/src/turtle_race/install/turtle_race
[3.469s] Invoking command in '/home/ajr/ros2_ws/src/turtle_race/build/turtle_race': CMAKE_PREFIX_PATH=${CMAKE_PREFIX_PATH}:/home/ajr/ros2_ws/install/arj_transforms_py:/home/ajr/ros2_ws/install/arj_intro_py:/opt/ros/humble /usr/bin/cmake --build /home/ajr/ros2_ws/src/turtle_race/build/turtle_race -- -j16 -l16
[3.500s] [35m[1mConsolidate compiler generated dependencies of target draw_node[0m
[3.516s] [ 50%] [32mBuilding CXX object CMakeFiles/draw_node.dir/src/draw_node.cpp.o[0m
[5.555s] [01m[K/home/ajr/ros2_ws/src/turtle_race/src/draw_node.cpp:111:2:[m[K [01;31m[Kerror: [m[Kexpected â€˜[01m[K}[m[Kâ€™ at end of input
[5.555s]   111 | }
[5.555s]       |  [01;31m[K^[m[K
[5.555s] [01m[K/home/ajr/ros2_ws/src/turtle_race/src/draw_node.cpp:70:1:[m[K [01;36m[Knote: [m[Kto match this â€˜[01m[K{[m[Kâ€™
[5.556s]    70 | [01;36m[K{[m[K
[5.556s]       | [01;36m[K^[m[K
[5.560s] [01m[K/home/ajr/ros2_ws/src/turtle_race/src/draw_node.cpp:[m[K In constructor â€˜[01m[KDrawNode::DrawNode()[m[Kâ€™:
[5.560s] [01m[K/home/ajr/ros2_ws/src/turtle_race/src/draw_node.cpp:74:9:[m[K [01;31m[Kerror: [m[Kâ€˜[01m[Ktimer_[m[Kâ€™ was not declared in this scope; did you mean â€˜[01m[Ktimer_t[m[Kâ€™?
[5.560s]    74 |         [01;31m[Ktimer_[m[K = this->create_wall_timer(std::chrono::milliseconds(200), std::bind(&DrawNode::loop, this));
[5.560s]       |         [01;31m[K^~~~~~[m[K
[5.560s]       |         [32m[Ktimer_t[m[K
[5.572s] [01m[K/home/ajr/ros2_ws/src/turtle_race/src/draw_node.cpp:75:9:[m[K [01;31m[Kerror: [m[Kâ€˜[01m[Kcmd_pub_[m[Kâ€™ was not declared in this scope
[5.572s]    75 |         [01;31m[Kcmd_pub_[m[K = this->create_publisher<geometry_msgs::msg::Twist>("/turtle1/cmd_vel", 10);
[5.572s]       |         [01;31m[K^~~~~~~~[m[K
[5.580s] [01m[K/home/ajr/ros2_ws/src/turtle_race/src/draw_node.cpp:79:9:[m[K [01;31m[Kerror: [m[Kâ€˜[01m[Kstep_[m[Kâ€™ was not declared in this scope
[5.580s]    79 |         [01;31m[Kstep_[m[K = 0;
[5.580s]       |         [01;31m[K^~~~~[m[K
[5.583s] [01m[K/home/ajr/ros2_ws/src/turtle_race/src/draw_node.cpp:[m[K In member function â€˜[01m[Kvoid DrawNode::loop()[m[Kâ€™:
[5.583s] [01m[K/home/ajr/ros2_ws/src/turtle_race/src/draw_node.cpp:87:11:[m[K [01;31m[Kerror: [m[Kâ€˜[01m[Kstep_[m[Kâ€™ was not declared in this scope
[5.583s]    87 |        if([01;31m[Kstep_[m[K < 2){
[5.584s]       |           [01;31m[K^~~~~[m[K
[5.588s] [01m[K/home/ajr/ros2_ws/src/turtle_race/src/draw_node.cpp:96:9:[m[K [01;31m[Kerror: [m[Kâ€˜[01m[Kcmd_pub_[m[Kâ€™ was not declared in this scope
[5.588s]    96 |         [01;31m[Kcmd_pub_[m[K->publish(cmd_msg);
[5.588s]       |         [01;31m[K^~~~~~~~[m[K
[5.590s] [01m[K/home/ajr/ros2_ws/src/turtle_race/src/draw_node.cpp:102:9:[m[K [01;35m[Kwarning: [m[Kunused variable â€˜[01m[Kstep_[m[Kâ€™ [[01;35m[K]8;;https://gcc.gnu.org/onlinedocs/gcc/Warning-Options.html#index-Wunused-variable-Wunused-variable]8;;[m[K]
[5.590s]   102 |     int [01;35m[Kstep_[m[K = 0;
[5.590s]       |         [01;35m[K^~~~~[m[K
[5.594s] [01m[K/home/ajr/ros2_ws/src/turtle_race/src/draw_node.cpp:[m[K At global scope:
[5.594s] [01m[K/home/ajr/ros2_ws/src/turtle_race/src/draw_node.cpp:111:2:[m[K [01;31m[Kerror: [m[Kexpected unqualified-id at end of input
[5.594s]   111 | }
[5.594s]       |  [01;31m[K^[m[K
[6.137s] gmake[2]: *** [CMakeFiles/draw_node.dir/build.make:76: CMakeFiles/draw_node.dir/src/draw_node.cpp.o] Error 1
[6.137s] gmake[1]: *** [CMakeFiles/Makefile2:137: CMakeFiles/draw_node.dir/all] Error 2
[6.137s] gmake: *** [Makefile:146: all] Error 2
[6.139s] Invoked command in '/home/ajr/ros2_ws/src/turtle_race/build/turtle_race' returned '2': CMAKE_PREFIX_PATH=${CMAKE_PREFIX_PATH}:/home/ajr/ros2_ws/install/arj_transforms_py:/home/ajr/ros2_ws/install/arj_intro_py:/opt/ros/humble /usr/bin/cmake --build /home/ajr/ros2_ws/src/turtle_race/build/turtle_race -- -j16 -l16
